<?xml version="1.0" encoding="UTF-8"?>
<robot generator="Robot 3.1.2 (Python 3.7.4 on win32)" generated="20191104 15:38:37.221" rpa="false">
<suite id="s1" name="Login" source="C:\Users\aumse25\Desktop\robot\shopee\login.robot">
<test id="s1-t1" name="Login shopee - success">
<kw name="Open Browser" library="Selenium2Library">
<doc>Opens a new browser instance to the given ``url``.</doc>
<arguments>
<arg>about:blank</arg>
<arg>chrome</arg>
</arguments>
<msg timestamp="20191104 15:38:37.557" level="INFO">Opening browser 'chrome' to base url 'about:blank'.</msg>
<status status="PASS" starttime="20191104 15:38:37.557" endtime="20191104 15:38:39.770"></status>
</kw>
<kw name="Go To" library="Selenium2Library">
<doc>Navigates the current browser window to the provided ``url``.</doc>
<arguments>
<arg>${url_shopee}</arg>
</arguments>
<msg timestamp="20191104 15:38:39.771" level="INFO">Opening url 'https://shopee.co.th'</msg>
<status status="PASS" starttime="20191104 15:38:39.771" endtime="20191104 15:38:44.579"></status>
</kw>
<kw name="Verify shopee page">
<arguments>
<arg>${title_shopee}</arg>
</arguments>
<kw name="Title Should Be" library="Selenium2Library">
<doc>Verifies that the current page title equals ``title``.</doc>
<arguments>
<arg>${title}</arg>
</arguments>
<msg timestamp="20191104 15:38:44.617" level="INFO">Page title is 'Shopee Thailand | ซื้อขายผ่านมือถือ หรือออนไลน์'.</msg>
<status status="PASS" starttime="20191104 15:38:44.583" endtime="20191104 15:38:44.617"></status>
</kw>
<status status="PASS" starttime="20191104 15:38:44.581" endtime="20191104 15:38:44.617"></status>
</kw>
<kw name="Close Pop Up">
<arguments>
<arg>${ele_close_btn}</arg>
</arguments>
<kw name="Wait Until Element Is Visible" library="Selenium2Library">
<doc>Waits until the element ``locator`` is visible.</doc>
<arguments>
<arg>${close_btn}</arg>
</arguments>
<status status="PASS" starttime="20191104 15:38:44.621" endtime="20191104 15:38:44.677"></status>
</kw>
<kw name="Click Element" library="Selenium2Library">
<doc>Click the element identified by ``locator``.</doc>
<arguments>
<arg>${close_btn}</arg>
</arguments>
<msg timestamp="20191104 15:38:44.678" level="INFO">Clicking element '//*[@class="shopee-popup__close-btn"]'.</msg>
<status status="PASS" starttime="20191104 15:38:44.677" endtime="20191104 15:38:44.866"></status>
</kw>
<status status="PASS" starttime="20191104 15:38:44.620" endtime="20191104 15:38:44.866"></status>
</kw>
<kw name="Sleep" library="BuiltIn">
<doc>Pauses the test executed for the given time.</doc>
<arguments>
<arg>5s</arg>
</arguments>
<msg timestamp="20191104 15:38:49.868" level="INFO">Slept 5 seconds</msg>
<status status="PASS" starttime="20191104 15:38:44.866" endtime="20191104 15:38:49.868"></status>
</kw>
<kw name="Click Button">
<arguments>
<arg>${ele_login_home}</arg>
</arguments>
<kw name="Wait Until Element Is Visible" library="Selenium2Library">
<doc>Waits until the element ``locator`` is visible.</doc>
<arguments>
<arg>${ele_login_home}</arg>
</arguments>
<status status="PASS" starttime="20191104 15:38:49.869" endtime="20191104 15:38:49.927"></status>
</kw>
<kw name="Click Element" library="Selenium2Library">
<doc>Click the element identified by ``locator``.</doc>
<arguments>
<arg>${ele_login_home}</arg>
</arguments>
<msg timestamp="20191104 15:38:49.928" level="INFO">Clicking element '//*[@class="navbar__link navbar__link--account navbar__link--tappable navbar__link--hoverable navbar__link-text navbar__link-text--medium"]'.</msg>
<status status="PASS" starttime="20191104 15:38:49.927" endtime="20191104 15:38:50.167"></status>
</kw>
<status status="PASS" starttime="20191104 15:38:49.868" endtime="20191104 15:38:50.167"></status>
</kw>
<kw name="Sleep" library="BuiltIn">
<doc>Pauses the test executed for the given time.</doc>
<arguments>
<arg>13s</arg>
</arguments>
<msg timestamp="20191104 15:39:03.176" level="INFO">Slept 13 seconds</msg>
<status status="PASS" starttime="20191104 15:38:50.175" endtime="20191104 15:39:03.176"></status>
</kw>
<kw name="Click Button">
<arguments>
<arg>${btn_login_by_fb}</arg>
</arguments>
<kw name="Wait Until Element Is Visible" library="Selenium2Library">
<doc>Waits until the element ``locator`` is visible.</doc>
<arguments>
<arg>${ele_login_home}</arg>
</arguments>
<status status="PASS" starttime="20191104 15:39:03.177" endtime="20191104 15:39:03.213"></status>
</kw>
<kw name="Click Element" library="Selenium2Library">
<doc>Click the element identified by ``locator``.</doc>
<arguments>
<arg>${ele_login_home}</arg>
</arguments>
<msg timestamp="20191104 15:39:03.214" level="INFO">Clicking element '//*[@class="_2DvX7K _3j9-lD _1-ugxP _1MFQ2Z"]'.</msg>
<status status="PASS" starttime="20191104 15:39:03.213" endtime="20191104 15:39:03.304"></status>
</kw>
<status status="PASS" starttime="20191104 15:39:03.177" endtime="20191104 15:39:03.305"></status>
</kw>
<kw name="Sleep" library="BuiltIn">
<doc>Pauses the test executed for the given time.</doc>
<arguments>
<arg>13s</arg>
</arguments>
<msg timestamp="20191104 15:39:16.307" level="INFO">Slept 13 seconds</msg>
<status status="PASS" starttime="20191104 15:39:03.305" endtime="20191104 15:39:16.307"></status>
</kw>
<kw name="Select Window" library="Selenium2Library">
<doc>DEPRECATED in Selenium2Library 4.0. , use `Switch Window` instead.</doc>
<arguments>
<arg>NEW</arg>
</arguments>
<status status="PASS" starttime="20191104 15:39:16.308" endtime="20191104 15:39:17.330"></status>
</kw>
<kw name="Input Login">
<arguments>
<arg>${ele_user}</arg>
<arg>${ele_pass}</arg>
<arg>${username}</arg>
<arg>${password}</arg>
</arguments>
<kw name="Wait Until Element Is Visible" library="Selenium2Library">
<doc>Waits until the element ``locator`` is visible.</doc>
<arguments>
<arg>${xpath_user}</arg>
</arguments>
<status status="PASS" starttime="20191104 15:39:17.331" endtime="20191104 15:39:17.370"></status>
</kw>
<kw name="Element Should Be Visible" library="Selenium2Library">
<doc>Verifies that the element identified by ``locator`` is visible.</doc>
<arguments>
<arg>${xpath_pass}</arg>
</arguments>
<msg timestamp="20191104 15:39:17.403" level="INFO">Element '//*[@id="pass"]' is displayed.</msg>
<status status="PASS" starttime="20191104 15:39:17.371" endtime="20191104 15:39:17.403"></status>
</kw>
<kw name="Input Text" library="Selenium2Library">
<doc>Types the given ``text`` into the text field identified by ``locator``.</doc>
<arguments>
<arg>${xpath_user}</arg>
<arg>${username}</arg>
</arguments>
<msg timestamp="20191104 15:39:17.404" level="INFO">Typing text 'aum_wisanu@hotmail.com' into text field '//*[@id="email"]'.</msg>
<status status="PASS" starttime="20191104 15:39:17.404" endtime="20191104 15:39:17.631"></status>
</kw>
<kw name="Input Text" library="Selenium2Library">
<doc>Types the given ``text`` into the text field identified by ``locator``.</doc>
<arguments>
<arg>${xpath_pass}</arg>
<arg>${password}</arg>
</arguments>
<msg timestamp="20191104 15:39:17.632" level="INFO">Typing text 'a0861693632' into text field '//*[@id="pass"]'.</msg>
<status status="PASS" starttime="20191104 15:39:17.631" endtime="20191104 15:39:17.793"></status>
</kw>
<status status="PASS" starttime="20191104 15:39:17.330" endtime="20191104 15:39:17.794"></status>
</kw>
<kw name="Sleep" library="BuiltIn">
<doc>Pauses the test executed for the given time.</doc>
<arguments>
<arg>5s</arg>
</arguments>
<msg timestamp="20191104 15:39:22.795" level="INFO">Slept 5 seconds</msg>
<status status="PASS" starttime="20191104 15:39:17.795" endtime="20191104 15:39:22.795"></status>
</kw>
<kw name="Click Button">
<arguments>
<arg>${btn_login}</arg>
</arguments>
<kw name="Wait Until Element Is Visible" library="Selenium2Library">
<doc>Waits until the element ``locator`` is visible.</doc>
<arguments>
<arg>${ele_login_home}</arg>
</arguments>
<status status="PASS" starttime="20191104 15:39:22.796" endtime="20191104 15:39:22.830"></status>
</kw>
<kw name="Click Element" library="Selenium2Library">
<doc>Click the element identified by ``locator``.</doc>
<arguments>
<arg>${ele_login_home}</arg>
</arguments>
<msg timestamp="20191104 15:39:22.830" level="INFO">Clicking element '//*[@id="loginbutton"]'.</msg>
<status status="PASS" starttime="20191104 15:39:22.830" endtime="20191104 15:39:24.668"></status>
</kw>
<status status="PASS" starttime="20191104 15:39:22.796" endtime="20191104 15:39:24.669"></status>
</kw>
<kw name="Sleep" library="BuiltIn">
<doc>Pauses the test executed for the given time.</doc>
<arguments>
<arg>10s</arg>
</arguments>
<msg timestamp="20191104 15:39:34.673" level="INFO">Slept 10 seconds</msg>
<status status="PASS" starttime="20191104 15:39:24.673" endtime="20191104 15:39:34.673"></status>
</kw>
<kw name="Select Window" library="Selenium2Library">
<doc>DEPRECATED in Selenium2Library 4.0. , use `Switch Window` instead.</doc>
<status status="PASS" starttime="20191104 15:39:34.673" endtime="20191104 15:39:35.696"></status>
</kw>
<kw name="Sleep" library="BuiltIn">
<doc>Pauses the test executed for the given time.</doc>
<arguments>
<arg>3s</arg>
</arguments>
<msg timestamp="20191104 15:39:38.698" level="INFO">Slept 3 seconds</msg>
<status status="PASS" starttime="20191104 15:39:35.696" endtime="20191104 15:39:38.698"></status>
</kw>
<kw name="Sleep" library="BuiltIn">
<doc>Pauses the test executed for the given time.</doc>
<arguments>
<arg>5s</arg>
</arguments>
<msg timestamp="20191104 15:39:43.699" level="INFO">Slept 5 seconds</msg>
<status status="PASS" starttime="20191104 15:39:38.699" endtime="20191104 15:39:43.699"></status>
</kw>
<kw name="Close Browser" library="Selenium2Library">
<doc>Closes the current browser.</doc>
<status status="PASS" starttime="20191104 15:39:43.700" endtime="20191104 15:39:45.933"></status>
</kw>
<tags>
<tag>success</tag>
</tags>
<status status="PASS" starttime="20191104 15:38:37.557" endtime="20191104 15:39:45.933" critical="yes"></status>
</test>
<kw name="Close Browser" library="Selenium2Library" type="teardown">
<doc>Closes the current browser.</doc>
<status status="PASS" starttime="20191104 15:39:45.933" endtime="20191104 15:39:45.933"></status>
</kw>
<status status="PASS" starttime="20191104 15:38:37.221" endtime="20191104 15:39:45.933"></status>
</suite>
<statistics>
<total>
<stat pass="1" fail="0">Critical Tests</stat>
<stat pass="1" fail="0">All Tests</stat>
</total>
<tag>
<stat pass="1" fail="0">success</stat>
</tag>
<suite>
<stat pass="1" fail="0" id="s1" name="Login">Login</stat>
</suite>
</statistics>
<errors>
</errors>
</robot>
